<?xml version="1.0" encoding="UTF-8"?>
<testng-results ignored="0" total="2" passed="2" failed="0" skipped="0">
  <reporter-output>
  </reporter-output>
  <suite started-at="2024-04-06T18:47:08 IST" name="Suite" finished-at="2024-04-06T18:47:20 IST" duration-ms="12148">
    <groups>
      <group name="regression">
        <method signature="Tc_001_AccountRegistrationTest.verify_account_registration()[pri:0, instance:testCases.Tc_001_AccountRegistrationTest@2f17e30d]" name="verify_account_registration" class="testCases.Tc_001_AccountRegistrationTest"/>
      </group> <!-- regression -->
      <group name="sanity">
        <method signature="TC_002_LoginTest.verify_login()[pri:0, instance:testCases.TC_002_LoginTest@4aa83f4f]" name="verify_login" class="testCases.TC_002_LoginTest"/>
      </group> <!-- sanity -->
      <group name="master">
        <method signature="TC_002_LoginTest.verify_login()[pri:0, instance:testCases.TC_002_LoginTest@4aa83f4f]" name="verify_login" class="testCases.TC_002_LoginTest"/>
        <method signature="Tc_001_AccountRegistrationTest.verify_account_registration()[pri:0, instance:testCases.Tc_001_AccountRegistrationTest@2f17e30d]" name="verify_account_registration" class="testCases.Tc_001_AccountRegistrationTest"/>
      </group> <!-- master -->
    </groups>
    <test started-at="2024-04-06T18:47:08 IST" name="Test" finished-at="2024-04-06T18:47:20 IST" duration-ms="12148">
      <class name="testCases.TC_002_LoginTest">
        <test-method is-config="true" signature="setup(java.lang.String,java.lang.String)[pri:0, instance:testCases.TC_002_LoginTest@4aa83f4f]" started-at="2024-04-06T18:47:16 IST" name="setup" finished-at="2024-04-06T18:47:18 IST" duration-ms="2212" status="PASS">
          <params>
            <param index="0">
              <value>
                <![CDATA[Windows]]>
              </value>
            </param>
            <param index="1">
              <value>
                <![CDATA[chrome]]>
              </value>
            </param>
          </params>
          <reporter-output>
          </reporter-output>
        </test-method> <!-- setup -->
        <test-method signature="verify_login()[pri:0, instance:testCases.TC_002_LoginTest@4aa83f4f]" started-at="2024-04-06T18:47:18 IST" name="verify_login" finished-at="2024-04-06T18:47:20 IST" duration-ms="1930" status="PASS">
          <reporter-output>
          </reporter-output>
        </test-method> <!-- verify_login -->
        <test-method is-config="true" signature="tearDown()[pri:0, instance:testCases.TC_002_LoginTest@4aa83f4f]" started-at="2024-04-06T18:47:20 IST" name="tearDown" finished-at="2024-04-06T18:47:20 IST" duration-ms="123" status="PASS">
          <reporter-output>
          </reporter-output>
        </test-method> <!-- tearDown -->
      </class> <!-- testCases.TC_002_LoginTest -->
      <class name="testCases.Tc_001_AccountRegistrationTest">
        <test-method is-config="true" signature="setup(java.lang.String,java.lang.String)[pri:0, instance:testCases.Tc_001_AccountRegistrationTest@2f17e30d]" started-at="2024-04-06T18:47:08 IST" name="setup" finished-at="2024-04-06T18:47:11 IST" duration-ms="3182" status="PASS">
          <params>
            <param index="0">
              <value>
                <![CDATA[Windows]]>
              </value>
            </param>
            <param index="1">
              <value>
                <![CDATA[chrome]]>
              </value>
            </param>
          </params>
          <reporter-output>
          </reporter-output>
        </test-method> <!-- setup -->
        <test-method signature="verify_account_registration()[pri:0, instance:testCases.Tc_001_AccountRegistrationTest@2f17e30d]" started-at="2024-04-06T18:47:11 IST" name="verify_account_registration" finished-at="2024-04-06T18:47:16 IST" duration-ms="4332" status="PASS">
          <reporter-output>
          </reporter-output>
        </test-method> <!-- verify_account_registration -->
        <test-method is-config="true" signature="tearDown()[pri:0, instance:testCases.Tc_001_AccountRegistrationTest@2f17e30d]" started-at="2024-04-06T18:47:16 IST" name="tearDown" finished-at="2024-04-06T18:47:16 IST" duration-ms="125" status="PASS">
          <reporter-output>
          </reporter-output>
        </test-method> <!-- tearDown -->
      </class> <!-- testCases.Tc_001_AccountRegistrationTest -->
    </test> <!-- Test -->
  </suite> <!-- Suite -->
</testng-results>
